<?xml version='1.0' encoding='UTF-8'?>
<result plugin="junit@1.19">
  <suites>
    <suite>
      <file>C:\Users\User\Desktop\mentoring Kostya\06 jenkins\ci\slave\workspace\Save data test\target\surefire-reports\TEST-TestRunner.xml</file>
      <name>TestRunner</name>
      <duration>45.989</duration>
      <time>45.989</time>
      <cases>
        <case>
          <duration>45.989</duration>
          <className>TestRunner</className>
          <testName>test</testName>
          <skipped>false</skipped>
          <failedSince>0</failedSince>
        </case>
      </cases>
    </suite>
  </suites>
  <duration>45.989</duration>
  <keepLongStdio>false</keepLongStdio>
</result>