<?xml version='1.0' encoding='UTF-8'?>
<result plugin="junit@1.19">
  <suites>
    <suite>
      <file>C:\Users\User\.jenkins\workspace\Save data test\target\surefire-reports\TEST-TestRunner.xml</file>
      <name>TestRunner</name>
      <duration>177.717</duration>
      <time>177.717</time>
      <cases>
        <case>
          <duration>177.717</duration>
          <className>TestRunner</className>
          <testName>test</testName>
          <skipped>false</skipped>
          <failedSince>0</failedSince>
        </case>
      </cases>
    </suite>
  </suites>
  <duration>177.717</duration>
  <keepLongStdio>false</keepLongStdio>
</result>